Case #1: Andriy David Dmytro Jan John Slawek
Case #2: Andriy Jan Lingjuan Wenjie Xiao Yingsheng
Case #3: Fabien Weiyan
Case #4: Atol Bhuwan Bhuwan Lin Nima Vladislav Voja Voja Yingsheng Zainab
Case #5: Atol Clifton Clifton Doan John John Purav Song
Case #6: Aravind Mehdi Weiyan Xiao
Case #7: Fabien Kittipat Liang Paul
Case #8: Aleksandar Aravind Bhuwan Igor
Case #9: Anil Lin Phil Ranjeeth Song Torbjorn
Case #10: Anh Luiz Ranjeeth Roman Steaphan Weitao Weitao Zihing
Case #11: Anshuman Atol Paul Wai
Case #12: Lingjuan Zejia
Case #13: Aravind Ekansh
Case #14: Purav Slawek Wai Weiyan
Case #15: Erling Zejia
Case #16: Anil Aravind Jan Jan Victor Viswanath
Case #17: Chirag Viswanath
Case #18: Andrei Doan Ekansh Erling Fabien Zef
Case #19: Anil Igor Purav Sanjeet
Case #20: Anil Doan Duc Fabien Manohar Paul Rajat Yintao
