Case #1: one
Case #2: double two
Case #3: triple three
Case #4: quadruple four
Case #5: quintuple five
Case #6: sextuple six
Case #7: septuple seven
Case #8: octuple eight
Case #9: nonuple nine
Case #10: decuple zero
Case #11: one one one one one one one one one one one one one one one one one one one one one one one one one one one one one one one one one one one one one one one one one one one one one one one one one one one one one one one one one one one one one one one one one one one one one one one one one one one one one one one one one one one one one one one one one one one one one one one one one one one one
Case #12: one double one triple one quadruple one quintuple one sextuple one septuple one octuple one nonuple one decuple one one one one one one one one one one one one one one one one one one one one one one one one one one one one one one one one one one one one one one one one one one one one one one
Case #13: three zero six zero six zero nine one zero five six zero three nine five one eight two six three zero one five one three nine two nine two five nine zero seven nine six three one seven five three two three seven five one zero five three seven nine three zero four six five eight five nine five four nine two four eight seven five one zero eight four nine five zero one zero seven zero six nine six two five one three zero one eight seven two three zero three zero six eight one six eight five four
Case #14: nine zero one five six three nine seven six five six seven four nine zero six one nine two three zero three eight one six zero six two nine six three five four one zero five nine eight zero seven six eight two eight seven four three seven nine eight zero four eight zero two zero two one six nine seven nine two eight four five six zero four one nine zero eight three four nine five nine one seven zero nine six nine eight one nine eight seven four nine one eight three five one four three seven four
Case #15: three four five zero one seven one nine five six seven nine zero three zero nine three one zero eight one two seven five six eight zero three two eight three four five four three two three two one three six one two nine four three eight seven two five six nine one two seven one five two four three six zero two three five seven six nine five zero three five six eight five four five nine four eight two six eight four three zero eight six eight zero seven one three zero six two eight seven eight three
Case #16: seven nine five zero seven three eight seven zero nine two eight seven one seven five nine zero two six four six five nine zero four two one four two eight four one two one four five seven two eight nine two one six five four three two three nine five six three nine seven nine three nine three six five seven three two one eight two three seven two five one eight three eight two six one seven nine two four seven five four six nine five nine five one nine zero three zero eight six five eight zero
Case #17: two nine five eight six eight zero six four six zero five six eight five zero one seven nine eight two five two three six eight three seven two four seven zero two eight two nine six zero three five one nine one nine six two three zero seven zero two three seven three six four seven eight zero seven eight three seven two three seven eight four eight two five four six seven zero nine zero seven two zero nine seven six five seven four seven four zero three seven four six two seven six two nine one seven
Case #18: one four seven one two zero seven eight two five nine three eight nine five six seven four nine three one four seven zero three one nine zero two four nine three eight one zero seven three seven eight six eight seven three six seven zero five zero one nine seven two five one five six two five one four zero two seven zero four nine seven nine six seven eight six seven three two four three seven six seven nine five one four six two zero two three four six three four two four three one three one seven
Case #19: four six two nine zero eight zero six one seven five zero seven two one six one six zero six nine two nine eight one zero two five nine six nine four six two zero three nine seven six nine seven five two one three nine four seven three five four six seven two five six eight four zero five two three five eight four two six three five eight six one eight five eight one five eight seven four zero four zero eight one five three six two three zero four nine six zero four eight three eight one
Case #20: eight four three four seven five three two seven zero four eight six eight three seven six five three five nine one five four nine four six one six seven nine two three zero eight four seven zero eight seven six four five nine three four seven six nine six zero six zero nine zero seven zero eight six one nine six three seven four seven six four six three two eight three eight two zero four three eight four nine one five two zero five zero six eight three five four six four eight six zero four three six
Case #21: six four seven zero eight two nine six eight one three seven five six nine eight five two zero eight three four one four five three one three nine seven eight five one nine four nine zero seven eight seven five nine six zero four eight three two nine eight two three five seven four three six three four six two eight seven four seven eight one two seven four one eight seven three seven five three nine seven six seven six zero two five three six three seven six one three nine four five eight four zero two nine
Case #22: eight two zero five zero one three eight six one three four eight zero six four six eight seven one two seven six seven zero five one nine four zero three four seven three seven zero one three four five nine four seven eight three five seven four nine seven zero six seven two one eight two three four eight zero one two seven three five two nine two one four nine eight four three five two nine five one two three eight four seven nine eight zero five two zero six five two three one eight two zero one
Case #23: seven five six four double eight
Case #24: five seven three seven three six seven one three zero double six zero four nine two six five four double eight nine seven five eight two three six double two one seven one seven four six five one seven eight three six seven three zero six double eight three two eight double four six nine two zero five zero two nine four nine zero one five nine quadruple six double two three seven five nine five three five eight two nine two
Case #25: three zero one seven one three seven one nine seven one eight
Case #26: six two zero triple nine double seven two double three two eight seven five double eight five one four double two five two five double three five six eight five four two six three one seven three nine one six four three four one zero four zero five seven four zero double nine two seven five seven two three five seven nine eight five two one four seven zero five three five zero nine eight one five zero eight two four eight four six two one three zero five eight
Case #27: one seven six six four six
Case #28: nine one five six nine eight three seven six seven three eight nine four three six five double three double eight seven double six three five one seven five zero eight double four five two five double six double two double five one seven two four five nine zero nine seven zero six three six one double zero nine eight zero nine four six double seven one three five three
Case #29: seven zero six eight double four five three six zero eight one eight one four eight two nine three nine six two five zero nine two seven five zero nine zero double nine eight seven four three five nine one five eight four five one nine four three zero nine three six two zero six one
Case #30: triple two three nine two eight five three triple nine one zero four eight two triple six one double four seven two three five one three zero four five two eight nine one three nine double eight zero nine seven one zero double one four zero eight zero one four five zero eight zero five one three five seven one nine six two three nine double one seven one three seven two three zero four seven zero four eight one zero five two nine seven nine zero three five zero four
Case #31: double six eight zero seven five four eight double three zero eight double zero two nine eight double zero five nine five two one three seven five four five eight five two four three four double one zero one
Case #32: two six five one six five eight seven one two eight four two five one seven three six one eight one five one two five three eight one seven four nine one two six two eight one
Case #33: eight six one six eight six double three double six two one five three five one eight six five one three nine eight nine two eight two six five eight eight double five two one five eight five eight six one two double nine double five zero three one five six four seven double five one five seven eight two eight
Case #34: one three four eight nine one seven double six nine one six nine five four seven three seven eight four seven eight two seven five one nine four two six seven three nine four double one five one seven three zero one double nine six five eight one two six seven one five nine eight two three nine six seven six six two seven zero five eight seven six eight zero six one two seven nine seven six one two four zero three nine
Case #35: nine zero six zero four six zero one four three five eight three one zero five seven four double two four six four five four double five eight six three eight six five six eight nine four eight two eight three zero double seven one seven four zero one seven two
Case #36: zero three one double zero nine four two five double four double nine six double one five one two double zero eight three five three four six two three four zero six seven one six zero three two four zero seven double nine eight seven zero zero two three two double four zero eight one six four nine eight nine four zero five three four three three seven six eight seven five nine eight three six zero three one three six five nine eight five zero six nine two six one six seven six nine one two
Case #37: double four five double six three seven four zero three four three seven nine three seven four double two eight double one eight eight three two three five one five three five nine zero three eight four zero two
Case #38: three zero five double one six double two one four five six seven zero two four one four eight one eight eight four seven four two nine zero two four three seven four eight nine six five three double eight seven three five four five seven eight six one six eight two seven four one three eight zero three two four six
Case #39: three zero double seven five six seven three eight six three two three seven three double eight three four zero nine zero double zero nine three seven three seven four six zero six three nine three zero seven nine zero five two two
Case #40: double six eight four one double eight three double seven three four one seven four three double four five six seven double eight four three double zero double one zero nine seven six zero four double zero two three nine one seven three four six nine eight one three five nine two three nine six eight double nine two three nine one two eight three six zero three zero three two one two seven six nine double six double two double one four seven one three five double two seven five three one eight three four four
Case #41: nine three five three seven nine six nine six five four five seven eight three seven zero six zero five four six four nine three six one four two three one three six eight six six zero double five six two one three nine one double seven four five seven nine one double five two eight double three four five nine six zero five four seven three double four nine three six two double eight six five seven
Case #42: one four one two nine zero six double eight two three five four eight one five
Case #43: zero five one four three four eight three five one five one eight zero one six six one
Case #44: seven four six eight six three zero one seven four seven three double two eight five eight one three eight three two
Case #45: zero four seven zero six seven three two six seven one two seven zero five double two
Case #46: four double two four one three four seven six eight six eight seven four one nine two eight two
Case #47: triple four seven one four double eight one zero eight seven nine six five
Case #48: eight seven zero eight five seven zero three two five two zero three one two four seven zero double six seven eight one double seven four three zero four zero one two eight two three five one five nine six zero three eight three six double zero five zero six two zero four five nine three nine triple three double five seven three nine two one two seven triple zero five nine five double one five seven four
Case #49: four zero nine three zero two three seven one double nine four six double eight two one double two seven eight five four six double six zero two seven zero nine three zero one seven three five double two eight three one double two double one four two five six one five three seven two zero five double four five double six eight seven double seven two four
Case #50: seven eight double five two seven zero seven one five three seven six two six three four zero five one four three nine nine double zero six four six one five six zero two three two nine three one one
Case #51: one eight nine one double three four six eight six five nine five zero five seven double two five seven two two four three seven six double two seven nine nine eight seven double one two four five one four two six three seven eight one six two five three nine eight five four one five two five seven nine four double nine three zero one five triple six double zero double five eight five double six eight double two seven two nine double three four five
Case #52: six five seven four three one six double three double six eight two four eight six zero two nine eight one four five seven five one zero eight seven
Case #53: five eight four seven nine two three five six eight nine four nine double one one seven eight three four nine two zero nine three
Case #54: three nine one four three two three six nine four three four two four five three one four double two double nine one five double four zero three one six eight six seven triple zero four six nine three zero two eight four eight five nine double one two five one three six eight seven two eight two four four one zero quadruple three nine one double two one six two seven six
Case #55: seven nine eight five two eight two nine seven three eight zero eight two six double two one seven two one six eight two eight nine zero double two five zero one five eight six seven six zero eight three four nine five four one one double six five four zero six two double one double zero one five two nine double five six five two five four four three seven zero four three four six
Case #56: four quadruple five one three four eight three eight double four zero two double six two five four five two seven four four seven four one eight double six two double one nine eight five double two five eight two nine two three two eight nine six double four one six one
Case #57: eight three double eight five one two five two eight one eight one nine
Case #58: three zero seven nine four one eight double two six four eight four five seven double four zero seven four nine zero four two double six one four zero four nine three four eight four double zero double two four zero eight five five three two nine zero four eight six five zero one eight six
Case #59: double one four one eight zero three one zero one two double one two nine five double zero eight zero four two six one three one seven nine five double nine six two four nine two six two three six five eight double nine two eight four two one double four five nine one eight four four six four zero seven three eight double nine eight two five two seven three zero seven three nine zero one three double two zero seven nine one zero eight five four six
Case #60: three six two eight one seven three five three eight four double seven two five triple seven double five one nine three zero five two double zero one zero three
Case #61: nine double two eight two nine three seven three five two three zero six five three double seven eight three double five eight six double nine two eight one three seven zero seven one eight one double three eight six zero two double one double eight six seven five four one two nine one eight double zero two
Case #62: nine three double zero one six seven six two eight zero three one zero five two three six five zero six nine five seven two double four nine three six seven two zero seven four one six two double zero two zero double four one nine eight six seven three six five double four five nine zero nine eight three five triple seven five two nine three six nine three eight one nine double four one two
Case #63: nine double five six seven four one three five seven four double six eight three seven double three eight one two four seven five three one zero double five eight two six four seven double three one six nine eight double three seven two three zero one six three double nine six three seven three eight zero six three five four six one zero five six four seven double five five double eight four two three double four zero eight five one six one zero one
Case #64: three zero seven nine five six five six three eight five six seven two nine five four six eight two eight one eight five seven two seven six seven eight six two nine three one six double nine two four nine zero two six four double three double zero one two eight four two five two four two eight two zero four four one nine eight eight zero nine two
Case #65: seven zero nine
Case #66: three two nine two double six two one five nine two eight three five one eight one four six
Case #67: five seven five one two eight seven three zero seven double six nine four nine five double three eight three two eight double zero one six two eight one nine seven double six five double zero three nine three double six nine four seven four double five seven nine three two three one three four five one six three two five three one three eight three four three two seven nine zero nine three zero three one five two zero eight six three double one seven six three five zero seven two three double eight double three four six seven
Case #68: eight zero eight double nine five four double seven two one two two one seven six
Case #69: six zero nine eight nine three two seven nine six two zero eight six two double four seven two seven zero seven eight seven three two nine two five six nine three six zero four eight five six double five four zero double five eight
Case #70: four nine eight one eight seven five six nine one double four seven two nine four two six nine two six zero five seven four eight double six zero seven two five six zero
Case #71: six four six three six three one eight one zero double seven three seven three four one nine six seven nine three two zero one double two nine two nine four eight three zero three nine five four nine seven four eight six nine seven one
Case #72: seven two three nine double seven zero nine six four nine zero five two one two eight one nine three one seven four double nine zero zero two four zero four two three nine three zero six three one five seven zero five double four eight seven two one eight seven three six two four five double four seven nine four three one seven five four nine one seven zero eight six two three one six four eight nine seven double six two
Case #73: four nine three four double zero six nine six nine four nine seven zero seven six eight six five two eight seven nine zero four nine eight zero six two seven double one zero seven four two three five one four one zero double two zero eight two six five four six double three six seven five five eight one double seven four one zero one five two
Case #74: two four double two six double one two two one four nine four one double nine two three five six eight three zero six seven one zero eight six seven five zero two nine two double zero three four double five eight four double one six zero six nine eight four seven one six three nine seven three seven five three four five seven three seven nine triple three double zero four seven one seven triple three two one nine nine triple five four five zero three zero three seven six double two five one
Case #75: six eight four five four nine seven two zero five two nine double five double zero eight one zero double seven four eight two seven five three eight seven one seven five zero three one six two eight eight double five one four zero eight seven two six zero four six seven zero six nine eight one three eight zero six seven double six zero nine three five nine three zero five double six seven four three two three five
Case #76: four one five six four one six triple five zero nine four one eight three two four double nine eight six seven five nine six seven three one four double five eight zero three four three nine zero one seven double two double three one seven five seven six six seven four five double four two one seven five eight
Case #77: double seven three seven zero double one six two three six one nine two seven three zero four two five three eight six zero three nine three
Case #78: six zero six eight two seven four four
Case #79: seven zero eight two seven eight nine zero four seven nine one
Case #80: three nine four one eight nine five four six two seven three four six five two double six four zero double six two triple six six double nine one
Case #81: eight eight one four four three three two nine one one
Case #82: one seven one one five
Case #83: four double one five two seven zero six eight seven four
Case #84: two eight nine seven two four double one three two seven zero four three one five eight six five zero two three eight eight double five two three four five two eight five three five nine seven eight one two zero eight double four three five double one three eight four eight three four six zero nine one three five eight five three four zero zero five seven
Case #85: three two double four
Case #86: six six zero one double six nine zero one six five eight five six three eight six two four four triple eight one four eight six two four zero nine zero six one one two seven one five eight nine zero nine four six triple four six double eight seven eight nine eight two nine six seven three double six three two seven six seven six nine two six eight two five four zero one nine six eight nine seven five eight six
Case #87: one double nine eight six nine zero five eight zero four five seven four three two nine zero seven eight zero nine eight three triple four seven nine double five zero seven four zero three
Case #88: three two four one zero four double zero nine six seven three double six double one eight zero seven eight five three one double seven
Case #89: zero three one eight zero seven four six zero seven six zero five double seven zero eight four eight three nine eight six eight three five eight one four one four six five double seven five four three double four one zero six eight nine five eight seven one eight double one seven double nine two six seven double three double nine one six seven eight double one two five eight five eight six three seven two three seven three four zero four three nine double five eight five eight one six eight
Case #90: five one nine six seven one double two eight zero nine three double four four seven two zero two three nine two six four three five double zero double five two one nine three nine eight four three two double three two eight zero eight two nine one four two double six four double two seven nine three nine five zero one eight one four nine nine one two two four eight six
Case #91: one zero eight triple four two zero eight zero six four nine four seven one nine eight nine seven zero six five six three seven five four
Case #92: two three one eight nine three four nine four six seven five three seven one zero six seven zero double one zero seven six three five seven three five double four double seven six double eight one four seven five zero seven zero double four three four two zero double four three six three nine two nine six five six two nine six one seven four zero double eight nine five one six seven seven three double one five one eight one five six seven six zero six three five two seven seven eight nine six four nine five five
Case #93: zero one eight six zero eight one zero one zero nine seven six eight nine one six double nine double two two one double four zero six two three six eight six nine six four nine double six one nine eight one six four one seven double eight six seven zero eight one three double five
Case #94: five three nine two double six two six three double nine three zero two zero seven six one four seven three triple two seven three four double one six three eight one double two eight one four double six three five one five eight double two six five nine three eight three seven double two zero seven triple three nine four seven three six seven four one three two six nine double four nine six eight five one seven eight double two seven four five nine one zero three
Case #95: one double three zero two double seven nine five double eight nine seven nine eight six three double zero three eight six three double five eight two double four two seven six eight zero six zero seven three one two three nine three zero one four nine six six nine one four double seven one three seven five nine two zero six double eight nine six zero eight double one three four three eight six double four five double two six three
Case #96: six seven eight nine one double three four three one zero eight seven two zero double five nine one six
Case #97: eight double nine eight nine eight two one six seven two seven five three two one double four nine zero seven five three zero one six two six double zero four eight one six eight zero four zero one
Case #98: five eight nine seven three one nine five one double five nine six seven zero two six zero seven four six eight four six double eight four eight three six eight zero five nine eight zero one nine five four six double three double two five six zero six double four two four double zero two one four two six one three six eight two six eight three seven five zero three eight three eight double one four one seven double eight one five zero four nine one eight two seven one seven six one nine two one five
Case #99: four eight nine one two six nine three five four five two six two seven one nine eight seven zero one seven double two seven four six five six four double zero two nine four four
Case #100: four nine zero four six two eight five four zero
