Case #1: one
Case #2: double two
Case #3: triple three
Case #4: quadruple four
Case #5: quintuple five
Case #6: sextuple six
Case #7: septuple seven
Case #8: octuple eight
Case #9: nonuple nine
Case #10: decuple zero
Case #11: one one one one one one one one one one
Case #12: one double one triple one quadruple one
Case #13: one eight two six one four nine seven six eight
Case #14: four five four three eight one zero four eight nine
Case #15: six three six seven one zero one eight one eight
Case #16: one four seven two eight two eight four seven six
Case #17: four two five two eight one two nine three five
Case #18: six three nine seven nine eight zero one zero six
Case #19: four eight nine two eight five four zero two nine
Case #20: nine four six zero two five eight four seven one
Case #21: four zero two six five two one two nine three
Case #22: four seven nine four three eight nine four zero four
Case #23: three four six seven zero six zero one
Case #24: eight
Case #25: four two one
Case #26: one six four three
Case #27: four zero double three zero two
Case #28: five three four five nine four
Case #29: one double seven seven one
Case #30: three one two one two nine five
Case #31: four five one
Case #32: double two zero eight nine four five three one
Case #33: three
Case #34: one two four three six
Case #35: five two six nine
Case #36: seven
Case #37: three six nine five three zero six one five three
Case #38: three five seven six four two two five two
Case #39: nine double three four eight zero seven eight
Case #40: five nine four eight three seven
Case #41: two eight five two zero eight five six
Case #42: eight seven two one three seven six four nine zero
Case #43: seven five six one eight three five double seven
Case #44: one three four nine three one six nine
Case #45: one four zero four
Case #46: zero six nine three
Case #47: four seven three nine zero three six nine
Case #48: five
Case #49: nine one triple two four
Case #50: eight nine one
Case #51: two one nine one six four six
Case #52: eight nine
Case #53: four
Case #54: six one five
Case #55: eight six four two double five
Case #56: eight nine double five double seven four two
Case #57: seven six two
Case #58: nine two five nine zero six four seven six
Case #59: one seven nine six
Case #60: double two zero five double nine seven six five
Case #61: three six eight one one five three zero eight
Case #62: three eight seven four two four
Case #63: six triple nine eight six double three seven three
Case #64: six five three four nine five three nine
Case #65: nine six nine two nine zero zero
Case #66: nine six five three two
Case #67: six
Case #68: four four
Case #69: two three double seven three
Case #70: eight five one seven four six seven
Case #71: six eight six one nine three eight seven
Case #72: four three zero one
Case #73: three eight nine
Case #74: double six three one zero three zero five
Case #75: double six
Case #76: eight one nine six zero
Case #77: zero seven double one eight three six two seven
Case #78: triple nine two seven five eight one four
Case #79: seven four seven six
Case #80: five two eight double six four five two zero
Case #81: five eight
Case #82: zero three eight three six nine five
Case #83: one five zero three zero two four seven six eight
Case #84: three five six eight six eight
Case #85: double three five five five
Case #86: six five two four eight seven
Case #87: seven double eight
Case #88: six one three three seven one nine three
Case #89: five seven
Case #90: seven one
Case #91: five three
Case #92: eight five nine zero eight zero three
Case #93: six five zero four nine one seven
Case #94: two double three four eight zero three eight
Case #95: zero five zero six nine eight
Case #96: six zero nine three one seven four
Case #97: eight nine triple eight seven four five seven nine
Case #98: three two
Case #99: four nine three six double seven six nine
Case #100: eight nine two eight four nine eight
