Case #1: 1
Case #2: 2 1
Case #3: 1 2 3
Case #4: 1 4 3 2 5
Case #5: 1 4 3 2 5
Case #6: -91 94 90 -85 -45 -27 74 72 -27 -21 60 56 -3 52 17 -24 41 -36 55 73 -42 -56 -58 -88
Case #7: -87 -83 94 -81 88 -53 -53 -53 -49 68 60 -49 -33 -33 -27 50 -25 -21 46 44 -17 44 32 21 37 41 43 51 57 30 16 59 59 73 83 91 95 -2 -2 -6 -10 -26 -48 -50 -58 -66 -86 -90 -92 -96
Case #8: -93 -93 -69 -61 -57 100 100 -49 82 -43 -43 -31 78 -21 -19 -13 -13 -11 -7 -7 54 -1 -1 7 7 9 9 44 25 34 24 27 31 33 22 33 37 39 49 8 2 59 65 71 71 0 75 77 81 83 87 89 99 0 0 -2 -4 -10 -10 -12 -18 -30 -38 -40 -80 -88 -90 -90 -94 -98
Case #9: -95 -93 -91 -87 98 -65 98 -65 -43 -41 -35 90 -31 88 -27 78 -21 -11 76 66 -11 -1 3 66 3 62 62 5 17 17 54 25 54 29 48 46 29 31 31 33 46 44 33 37 38 30 28 37 26 41 43 43 22 45 18 14 10 10 53 57 6 0 -2 -8 -12 61 63 63 65 71 -22 75 -26 79 -28 -30 81 87 89 -34 99 -36 -44 -44 -44 -50 -54 -56 -60 -60 -60 -72 -88 -96 -96
Case #10: -53 9 -20 -42 -66
Case #11: -95 90 76 -81 -79 -73 -61 74 72 -47 -47 -41 -41 56 -39 48 -29 -23 14 12 10 -20 -21 -17 -11 9 -24 15 17 -30 -36 19 -42 -46 21 -46 -72 23 27 33 51 61 67 67 85 -80 93 -80
Case #12: -87 86 72 -53 -45 58 58 -33 -33 48 -23 40 38 -13 1 11 15 32 30 21 39 43 18 45 47 14 47 0 -28 49 51 -34 73 85 99 -38 -40 -58 -58 -70 -96 -98
Case #13: 100 -95 -93 94 -79 -63 -57 94 -55 -45 -41 92 90 80 -41 78 -35 -31 -21 -17 -15 -13 76 -9 74 -5 72 23 27 46 33 37 43 45 53 61 61 67 69 73 85 85 97 46 44 42 40 26 22 22 16 14 14 10 6 6 4 0 0 -2 -6 -12 -24 -30 -38 -38 -40 -40 -40 -52 -54 -68 -70 -74 -98 -100 -100
Case #14: -99 -97 -95 -89 -89 -85 -81 -81 -77 -73 98 98 -73 98 -71 -69 -51 90 -49 88 -47 -41 -29 78 74 68 64 62 -27 -25 -23 -21 62 54 -19 -19 42 -13 -13 -3 -1 24 4 0 -12 -16 7 -34 7 9 21 25 31 35 35 37 39 -36 43 -36 47 49 51 51 -42 77 -60 77 -62 -64 85 95 97 -64 -86 -90 -96 -96
Case #15: 100 -99 -99 -91 98 -67 -67 -65 -59 70 -59 -59 -43 70 60 -43 54 -41 -29 44 -25 -23 -9 44 42 -9 -3 40 1 34 1 20 14 14 5 11 13 19 10 19 25 8 35 8 77 81 81 87 89 93 6 6 0 0 0 -10 -12 -20 -24 -30 -50 -54 -64 -72 -78 -78 -84 -84 -86 -90 -98
Case #16: 94 -95 -87 90 -87 88 -87 88 -83 84 82 -81 80 -81 -69 -59 -57 78 -55 -55 72 -53 70 68 62 -45 -37 58 -27 -23 -21 56 52 -21 52 -15 -15 -11 -7 -5 -3 -1 50 -1 -1 46 30 1 5 9 11 28 13 15 19 18 19 29 8 39 51 57 67 67 0 69 73 0 77 83 85 85 0 87 93 -8 97 99 -12 -16 -18 -20 -24 -24 -32 -32 -46 -54 -58 -62 -64 -66 -68 -70 -72 -74 -80 -92 -94 -96
Case #17: -97 -87 96 86 84 -83 -83 78 76 -79 -75 -75 -75 -71 -71 64 -65 -63 -59 -57 -55 -53 -49 50 -29 -21 3 48 42 5 7 36 34 30 9 9 13 20 13 17 21 25 29 37 39 18 14 41 45 45 47 55 57 59 61 63 67 67 14 69 69 71 12 73 75 8 79 8 6 85 87 4 87 2 0 0 0 -2 -10 -14 -14 -18 -18 -20 -34 -34 -52 -58 -64 -66 -68 -78 -80 -84 -86 -88 -90 -90 -94 -98
Case #18: -99 -91 -89 -89 -87 -87 -85 -85 98 90 88 80 -81 78 78 -79 -75 -71 74 -69 -63 -55 -49 -49 70 -47 70 -47 68 -43 -33 56 -29 -15 56 -7 -7 50 -7 -5 48 -1 -1 7 46 7 42 32 32 8 17 0 -2 23 29 29 31 -8 31 37 37 39 -8 51 55 -10 55 -14 -14 55 -46 -50 57 59 67 -52 69 69 -58 -60 73 73 -68 -68 -70 -74 81 -84 89 95 95 95 95 99 99 -86 -88 -90 -96 -96
Case #19: 98 -93 -87 88 -83 86 -83 -77 -65 -61 80 -59 -57 -41 -39 74 -37 -37 -33 -33 -21 -7 5 11 19 74 74 72 23 29 66 66 31 35 35 58 35 54 53 57 48 44 44 69 69 75 79 42 36 79 81 83 30 85 87 89 91 14 14 10 10 8 6 6 2 0 -4 -4 -16 -20 -24 -24 -24 -28 -28 -38 -40 -44 -52 -56 -60 -62 -62 -64 -66 -66 -68 -70 -82 -96
Case #20: -99 -99 -75 -65 -65 -63 82 -61 -51 -39 -37 -35 72 -35 46 42 -23 32 -5 -5 28 13 21 26 0 23 23 29 29 -4 -8 33 43 45 51 53 -10 57 -12 67 73 89 91 99 99 99 -14 -16 -24 -36 -48 -50 -60 -72 -80 -82 -90 -94 -100
Case #21: 100 100 -97 -87 -87 -81 100 -73 -73 -73 -69 92 -59 -55 -53 88 84 -51 78 74 74 -49 -47 -47 -47 72 -43 64 -35 -35 -29 -27 -19 -17 -7 -3 -1 5 15 19 21 64 23 27 27 33 62 39 47 59 79 79 81 85 93 58 54 44 36 36 36 24 16 14 10 8 6 0 -4 -6 -12 -18 -20 -34 -40 -40 -40 -60 -62 -64 -70 -72 -76 -86 -94 -94
Case #22: -97 -89 -87 -75 -75 100 96 90 -69 88 -61 86 -57 -45 -43 84 -37 -23 -21 82 -13 -9 1 5 70 33 70 66 56 33 33 35 47 36 26 49 51 61 61 65 26 71 73 20 85 18 87 12 6 4 0 0 0 -4 -28 -32 -40 -52 -66 -70 -74 -78 -78 -82 -82 -88 -92 -92 -96 -100 -100
Case #23: 76 -99 -93 -91 -89 66 -87 64 52 -87 50 -73 -69 -65 -51 -43 46 40 40 38 -39 -31 -21 -11 36 -7 26 -5 9 19 24 21 29 41 41 43 22 18 49 53 16 14 10 10 55 57 8 71 75 75 0 81 95 99 0 0 -10 -18 -18 -22 -38 -40 -44 -58 -60 -62 -62 -64 -66 -74 -90 -90 -90 -94 -94 -100 -100
Case #24: 98 -91 -91 94 -87 -87 82 -67 -57 -53 82 70 -51 -43 -39 -39 -37 -35 -29 -23 68 -21 52 -13 46 -13 -11 -9 -7 -5 42 9 38 19 21 21 38 30 28 21 26 25 29 31 43 26 24 18 45 49 51 65 67 6 4 67 0 67 67 69 75 85 97 -4 -10 -20 -30 -30 -34 -42 -44 -44 -58 -60 -64 -72 -80 -80 -88 -94 -96
Case #25: -79 -71 100 96 -63 -49 -11 23 37 39 59 88 86 65 69 62 44 75 42 83 22 4 4 -20 93 -28 -68 -70 -76 -76 -76 -78 -96
Case #26: 70 -51 -5 -10
Case #27: -99 -99 -97 -97 -89 90 86 -83 72 -81 -73 56 -69 -55 54 -47 46 -45 -29 -21 -3 7 9 32 13 17 30 16 -8 -12 -32 19 31 -40 41 45 57 61 69 -40 -52 -54 -62 69 73 75 75 -72 95 -72 -80 -82 -82 -82 -82 -98 -98
Case #28: -99 -95 100 -73 -69 -47 -43 94 -41 90 -39 -33 86 86 -31 -25 -23 -19 -19 84 -13 -9 -7 82 -5 -3 1 74 3 5 74 7 17 33 37 41 41 53 55 57 74 57 59 74 65 65 77 81 83 85 89 74 68 64 62 40 38 36 36 30 28 24 18 10 6 -20 -30 -36 -58 -66 -72 -78 -80 -90 -94
Case #29: -21 61 36 0
Case #30: -97 -93 -91 -83 84 -73 -73 -71 -65 -61 -57 74 -53 70 56 50 -53 -47 -41 -27 48 -23 46 -23 -15 -15 40 -11 13 38 36 34 34 32 30 23 23 27 45 49 30 55 65 71 28 75 22 87 87 0 0 0 0 0 -6 -10 -24 -32 -34 -38 -42 -44 -44 -44 -44 -46 -48 -54 -60 -62 -62 -72 -72 -82 -86 -92 -92 -100
